<?xml version="1.0" encoding="UTF-8"?>
<!-- Generated by org.testng.reporters.JUnitReportReporter -->
<testsuite hostname="IMRAN" failures="0" tests="4" name="com.nopcommerce.frontend.SocialProfiles" time="0.000" errors="0" timestamp="2022-02-24T15:07:25 BDT" skipped="4">
  <testcase classname="com.nopcommerce.frontend.SocialProfiles" name="validateYoutubeUrl" time="0.000">
    <skipped/>
  </testcase> <!-- validateYoutubeUrl -->
  <system-out/>
  <testcase classname="com.nopcommerce.frontend.SocialProfiles" name="validateTwitterUrl" time="0.000">
    <skipped/>
  </testcase> <!-- validateTwitterUrl -->
  <system-out/>
  <testcase classname="com.nopcommerce.frontend.SocialProfiles" name="validateFacebookUrl" time="0.000">
    <skipped/>
  </testcase> <!-- validateFacebookUrl -->
  <system-out/>
  <testcase classname="com.nopcommerce.frontend.SocialProfiles" name="validateRssUrl" time="0.000">
    <skipped/>
  </testcase> <!-- validateRssUrl -->
  <system-out/>
</testsuite> <!-- com.nopcommerce.frontend.SocialProfiles -->
