<?xml version="1.0" encoding="UTF-8"?>
<!-- Generated by org.testng.reporters.JUnitReportReporter -->
<testsuite hostname="IMRAN" failures="0" tests="7" name="com.nopcommerce.frontend.VerifyTitles" time="0.000" errors="0" timestamp="2022-02-24T15:07:25 BDT" skipped="7">
  <testcase classname="com.nopcommerce.frontend.VerifyTitles" name="loginTitle" time="0.000">
    <skipped/>
  </testcase> <!-- loginTitle -->
  <system-out/>
  <testcase classname="com.nopcommerce.frontend.VerifyTitles" name="registerTitle" time="0.000">
    <skipped/>
  </testcase> <!-- registerTitle -->
  <system-out/>
  <testcase classname="com.nopcommerce.frontend.VerifyTitles" name="resetPasswordTitle" time="0.000">
    <skipped/>
  </testcase> <!-- resetPasswordTitle -->
  <system-out/>
  <testcase classname="com.nopcommerce.frontend.VerifyTitles" name="contactUsTitle" time="0.000">
    <skipped/>
  </testcase> <!-- contactUsTitle -->
  <system-out/>
  <testcase classname="com.nopcommerce.frontend.VerifyTitles" name="cartTitle" time="0.000">
    <skipped/>
  </testcase> <!-- cartTitle -->
  <system-out/>
  <testcase classname="com.nopcommerce.frontend.VerifyTitles" name="aboutUsTitle" time="0.000">
    <skipped/>
  </testcase> <!-- aboutUsTitle -->
  <system-out/>
  <testcase classname="com.nopcommerce.frontend.VerifyTitles" name="wishTitle" time="0.000">
    <skipped/>
  </testcase> <!-- wishTitle -->
  <system-out/>
</testsuite> <!-- com.nopcommerce.frontend.VerifyTitles -->
