<?xml version="1.0" encoding="UTF-8"?>
<!-- Generated by org.testng.reporters.JUnitReportReporter -->
<testsuite hostname="IMRAN" failures="0" tests="1" name="com.nopcommerce.frontend.Cart" time="0.000" errors="0" timestamp="2022-02-24T15:07:25 BDT" skipped="1">
  <testcase classname="com.nopcommerce.frontend.Cart" name="addToCartAsGuest" time="0.000">
    <skipped/>
  </testcase> <!-- addToCartAsGuest -->
  <system-out/>
</testsuite> <!-- com.nopcommerce.frontend.Cart -->
