<?xml version="1.0" encoding="UTF-8"?>
<!-- Generated by org.testng.reporters.JUnitReportReporter -->
<testsuite hostname="IMRAN" failures="0" tests="2" name="com.nopcommerce.frontend.Currency" time="0.000" errors="0" timestamp="2022-02-24T15:07:25 BDT" skipped="2">
  <testcase classname="com.nopcommerce.frontend.Currency" name="currencyUSD" time="0.000">
    <skipped/>
  </testcase> <!-- currencyUSD -->
  <system-out/>
  <testcase classname="com.nopcommerce.frontend.Currency" name="currencyEuro" time="0.000">
    <skipped/>
  </testcase> <!-- currencyEuro -->
  <system-out/>
</testsuite> <!-- com.nopcommerce.frontend.Currency -->
