<?xml version="1.0" encoding="UTF-8"?>
<!-- Generated by org.testng.reporters.JUnitReportReporter -->
<testsuite hostname="IMRAN" failures="0" tests="2" name="com.nopcommerce.frontend.Currency" time="2.415" errors="0" timestamp="2022-02-23T17:08:39 BDT" skipped="0">
  <testcase classname="com.nopcommerce.frontend.Currency" name="currencyEuro" time="1.225"/>
  <system-out/>
  <testcase classname="com.nopcommerce.frontend.Currency" name="currencyUSD" time="1.190"/>
  <system-out/>
</testsuite> <!-- com.nopcommerce.frontend.Currency -->
